{
  "RSpec": {
    "coverage": {
      "/Users/kingdodo/Projects/My_Portfolio/Week10/bank_tech_test/spec/account_spec.rb": {
        "lines": [
          null,
          null,
          1,
          1,
          null,
          1,
          1,
          11,
          null,
          1,
          11,
          null,
          null,
          1,
          1,
          1,
          1,
          null,
          1,
          1,
          1,
          1,
          null,
          null,
          1,
          1,
          1,
          1,
          1,
          null,
          1,
          1,
          1,
          1,
          null,
          null,
          1,
          1,
          1,
          1,
          1,
          1,
          null,
          null,
          1,
          1,
          1,
          1,
          1,
          null,
          null,
          1,
          1,
          1,
          1,
          1,
          null,
          null,
          1,
          1,
          1,
          1,
          1,
          null,
          null,
          1,
          1,
          1,
          1,
          1,
          null,
          null,
          1,
          1,
          1,
          1,
          1,
          null,
          null,
          null,
          1,
          1,
          1,
          1,
          1,
          2,
          null,
          null,
          null,
          null,
          1,
          null
        ]
      },
      "/Users/kingdodo/Projects/My_Portfolio/Week10/bank_tech_test/lib/account.rb": {
        "lines": [
          null,
          null,
          null,
          1,
          1,
          11,
          11,
          null,
          null,
          1,
          16,
          16,
          16,
          null,
          null,
          1,
          5,
          5,
          5,
          5,
          null,
          null,
          1,
          7,
          7,
          7,
          14,
          14,
          14,
          14,
          14,
          null,
          7,
          null,
          null,
          1,
          1,
          null,
          null,
          1,
          null,
          1,
          14,
          7,
          null,
          7,
          null,
          null,
          null
        ]
      }
    },
    "timestamp": 1620232305
  }
}
